<?xml version="1.0" encoding="UTF-8"?>
<!-- Generated by org.testng.reporters.JUnitXMLReporter -->
<testsuite hostname="DESKTOP-UEKOIJ6" ignored="0" name="Test Case1" tests="5" failures="0" timestamp="01 Apr 2020 10:59:57 GMT" time="220.354" errors="0">
  <testcase name="bootstrapDropdownMethod" time="20.578" classname="testCases.AllTestCases">
    <skipped/>
  </testcase> <!-- bootstrapDropdownMethod -->
  <testcase name="bootstrapDropdownMethod" time="8.241" classname="testCases.AllTestCases"/>
  <testcase name="brokenLinkMethod" time="69.199" classname="testCases.AllTestCases"/>
  <testcase name="fullPageScreenshot" time="46.228" classname="testCases.AllTestCases"/>
  <testcase name="handlingMultipleWindows" time="32.64" classname="testCases.AllTestCases"/>
</testsuite> <!-- Test Case1 -->
